<?xml version="1.0" encoding="UTF-8"?>
<testsuite xmlns:xsi="http://www.w3.org/2001/XMLSchema-instance" xsi:noNamespaceSchemaLocation="https://maven.apache.org/surefire/maven-surefire-plugin/xsd/surefire-test-report-3.0.xsd" version="3.0" name="TestSuite" time="8.49" tests="3" errors="0" skipped="0" failures="0">
  <properties>
    <property name="sun.desktop" value="windows"/>
    <property name="awt.toolkit" value="sun.awt.windows.WToolkit"/>
    <property name="java.specification.version" value="11"/>
    <property name="sun.cpu.isalist" value="amd64"/>
    <property name="sun.jnu.encoding" value="Cp1252"/>
    <property name="java.class.path" value="C:\Users\kumbh\Downloads\RestAssuredAPITestingFramework-main\target\test-classes;C:\Users\kumbh\Downloads\RestAssuredAPITestingFramework-main\target\classes;C:\Users\kumbh\.m2\repository\org\aspectj\aspectjweaver\1.9.6\aspectjweaver-1.9.6.jar;C:\Users\kumbh\.m2\repository\io\rest-assured\rest-assured\5.3.0\rest-assured-5.3.0.jar;C:\Users\kumbh\.m2\repository\org\apache\groovy\groovy\4.0.6\groovy-4.0.6.jar;C:\Users\kumbh\.m2\repository\org\apache\groovy\groovy-xml\4.0.6\groovy-xml-4.0.6.jar;C:\Users\kumbh\.m2\repository\org\apache\httpcomponents\httpclient\4.5.13\httpclient-4.5.13.jar;C:\Users\kumbh\.m2\repository\org\apache\httpcomponents\httpcore\4.4.13\httpcore-4.4.13.jar;C:\Users\kumbh\.m2\repository\commons-logging\commons-logging\1.2\commons-logging-1.2.jar;C:\Users\kumbh\.m2\repository\commons-codec\commons-codec\1.11\commons-codec-1.11.jar;C:\Users\kumbh\.m2\repository\org\apache\httpcomponents\httpmime\4.5.13\httpmime-4.5.13.jar;C:\Users\kumbh\.m2\repository\org\hamcrest\hamcrest\2.1\hamcrest-2.1.jar;C:\Users\kumbh\.m2\repository\org\ccil\cowan\tagsoup\tagsoup\1.2.1\tagsoup-1.2.1.jar;C:\Users\kumbh\.m2\repository\io\rest-assured\json-path\5.3.0\json-path-5.3.0.jar;C:\Users\kumbh\.m2\repository\org\apache\groovy\groovy-json\4.0.6\groovy-json-4.0.6.jar;C:\Users\kumbh\.m2\repository\io\rest-assured\rest-assured-common\5.3.0\rest-assured-common-5.3.0.jar;C:\Users\kumbh\.m2\repository\io\rest-assured\xml-path\5.3.0\xml-path-5.3.0.jar;C:\Users\kumbh\.m2\repository\com\jayway\jsonpath\json-path\2.7.0\json-path-2.7.0.jar;C:\Users\kumbh\.m2\repository\net\minidev\json-smart\2.4.7\json-smart-2.4.7.jar;C:\Users\kumbh\.m2\repository\net\minidev\accessors-smart\2.4.7\accessors-smart-2.4.7.jar;C:\Users\kumbh\.m2\repository\org\ow2\asm\asm\9.1\asm-9.1.jar;C:\Users\kumbh\.m2\repository\org\slf4j\slf4j-api\1.7.33\slf4j-api-1.7.33.jar;C:\Users\kumbh\.m2\repository\commons-io\commons-io\2.11.0\commons-io-2.11.0.jar;C:\Users\kumbh\.m2\repository\com\fasterxml\jackson\core\jackson-databind\2.14.1\jackson-databind-2.14.1.jar;C:\Users\kumbh\.m2\repository\com\fasterxml\jackson\core\jackson-annotations\2.14.1\jackson-annotations-2.14.1.jar;C:\Users\kumbh\.m2\repository\com\fasterxml\jackson\core\jackson-core\2.14.1\jackson-core-2.14.1.jar;C:\Users\kumbh\.m2\repository\io\rest-assured\json-schema-validator\5.3.0\json-schema-validator-5.3.0.jar;C:\Users\kumbh\.m2\repository\com\github\java-json-tools\json-schema-validator\2.2.14\json-schema-validator-2.2.14.jar;C:\Users\kumbh\.m2\repository\com\google\guava\guava\28.2-android\guava-28.2-android.jar;C:\Users\kumbh\.m2\repository\com\google\guava\failureaccess\1.0.1\failureaccess-1.0.1.jar;C:\Users\kumbh\.m2\repository\com\google\guava\listenablefuture\9999.0-empty-to-avoid-conflict-with-guava\listenablefuture-9999.0-empty-to-avoid-conflict-with-guava.jar;C:\Users\kumbh\.m2\repository\org\checkerframework\checker-compat-qual\2.5.5\checker-compat-qual-2.5.5.jar;C:\Users\kumbh\.m2\repository\com\google\errorprone\error_prone_annotations\2.3.4\error_prone_annotations-2.3.4.jar;C:\Users\kumbh\.m2\repository\com\google\j2objc\j2objc-annotations\1.3\j2objc-annotations-1.3.jar;C:\Users\kumbh\.m2\repository\com\github\java-json-tools\jackson-coreutils-equivalence\1.0\jackson-coreutils-equivalence-1.0.jar;C:\Users\kumbh\.m2\repository\com\github\java-json-tools\jackson-coreutils\2.0\jackson-coreutils-2.0.jar;C:\Users\kumbh\.m2\repository\com\github\java-json-tools\msg-simple\1.2\msg-simple-1.2.jar;C:\Users\kumbh\.m2\repository\com\github\java-json-tools\btf\1.3\btf-1.3.jar;C:\Users\kumbh\.m2\repository\com\github\java-json-tools\json-schema-core\1.2.14\json-schema-core-1.2.14.jar;C:\Users\kumbh\.m2\repository\com\github\java-json-tools\uri-template\0.10\uri-template-0.10.jar;C:\Users\kumbh\.m2\repository\org\mozilla\rhino\1.7.7.2\rhino-1.7.7.2.jar;C:\Users\kumbh\.m2\repository\com\sun\mail\mailapi\1.6.2\mailapi-1.6.2.jar;C:\Users\kumbh\.m2\repository\joda-time\joda-time\2.10.5\joda-time-2.10.5.jar;C:\Users\kumbh\.m2\repository\com\googlecode\libphonenumber\libphonenumber\8.11.1\libphonenumber-8.11.1.jar;C:\Users\kumbh\.m2\repository\com\google\code\findbugs\jsr305\3.0.2\jsr305-3.0.2.jar;C:\Users\kumbh\.m2\repository\net\sf\jopt-simple\jopt-simple\5.0.4\jopt-simple-5.0.4.jar;C:\Users\kumbh\.m2\repository\org\testng\testng\7.4.0\testng-7.4.0.jar;C:\Users\kumbh\.m2\repository\com\beust\jcommander\1.78\jcommander-1.78.jar;C:\Users\kumbh\.m2\repository\org\webjars\jquery\3.5.1\jquery-3.5.1.jar;C:\Users\kumbh\.m2\repository\org\apache\logging\log4j\log4j-slf4j-impl\2.20.0\log4j-slf4j-impl-2.20.0.jar;C:\Users\kumbh\.m2\repository\org\apache\logging\log4j\log4j-api\2.20.0\log4j-api-2.20.0.jar;C:\Users\kumbh\.m2\repository\org\apache\logging\log4j\log4j-core\2.20.0\log4j-core-2.20.0.jar;C:\Users\kumbh\.m2\repository\io\qameta\allure\allure-testng\2.17.3\allure-testng-2.17.3.jar;C:\Users\kumbh\.m2\repository\io\qameta\allure\allure-java-commons\2.17.3\allure-java-commons-2.17.3.jar;C:\Users\kumbh\.m2\repository\io\qameta\allure\allure-model\2.17.3\allure-model-2.17.3.jar;C:\Users\kumbh\.m2\repository\io\qameta\allure\allure-test-filter\2.17.3\allure-test-filter-2.17.3.jar;C:\Users\kumbh\.m2\repository\io\qameta\allure\allure-rest-assured\2.17.3\allure-rest-assured-2.17.3.jar;C:\Users\kumbh\.m2\repository\io\qameta\allure\allure-attachments\2.17.3\allure-attachments-2.17.3.jar;C:\Users\kumbh\.m2\repository\org\freemarker\freemarker\2.3.31\freemarker-2.3.31.jar;C:\Users\kumbh\.m2\repository\com\opencsv\opencsv\5.7.1\opencsv-5.7.1.jar;C:\Users\kumbh\.m2\repository\org\apache\commons\commons-lang3\3.12.0\commons-lang3-3.12.0.jar;C:\Users\kumbh\.m2\repository\org\apache\commons\commons-text\1.10.0\commons-text-1.10.0.jar;C:\Users\kumbh\.m2\repository\commons-beanutils\commons-beanutils\1.9.4\commons-beanutils-1.9.4.jar;C:\Users\kumbh\.m2\repository\commons-collections\commons-collections\3.2.2\commons-collections-3.2.2.jar;C:\Users\kumbh\.m2\repository\org\apache\commons\commons-collections4\4.4\commons-collections4-4.4.jar;C:\Users\kumbh\.m2\repository\com\codoid\products\fillo\1.18\fillo-1.18.jar;"/>
    <property name="java.vm.vendor" value="Oracle Corporation"/>
    <property name="sun.arch.data.model" value="64"/>
    <property name="user.variant" value=""/>
    <property name="java.vendor.url" value="https://openjdk.java.net/"/>
    <property name="user.timezone" value="Asia/Calcutta"/>
    <property name="java.vm.specification.version" value="11"/>
    <property name="os.name" value="Windows 11"/>
    <property name="sun.java.launcher" value="SUN_STANDARD"/>
    <property name="user.country" value="IN"/>
    <property name="sun.boot.library.path" value="C:\Program Files\Java\jdk-11\bin"/>
    <property name="sun.java.command" value="C:\Users\kumbh\AppData\Local\Temp\surefire10097379993025487582\surefirebooter1805385517773945659.jar C:\Users\kumbh\AppData\Local\Temp\surefire10097379993025487582 2023-07-05T13-59-14_664-jvmRun1 surefire2783507874330428647tmp surefire_06022783829071830881tmp"/>
    <property name="jdk.debug" value="release"/>
    <property name="surefire.test.class.path" value="C:\Users\kumbh\Downloads\RestAssuredAPITestingFramework-main\target\test-classes;C:\Users\kumbh\Downloads\RestAssuredAPITestingFramework-main\target\classes;C:\Users\kumbh\.m2\repository\org\aspectj\aspectjweaver\1.9.6\aspectjweaver-1.9.6.jar;C:\Users\kumbh\.m2\repository\io\rest-assured\rest-assured\5.3.0\rest-assured-5.3.0.jar;C:\Users\kumbh\.m2\repository\org\apache\groovy\groovy\4.0.6\groovy-4.0.6.jar;C:\Users\kumbh\.m2\repository\org\apache\groovy\groovy-xml\4.0.6\groovy-xml-4.0.6.jar;C:\Users\kumbh\.m2\repository\org\apache\httpcomponents\httpclient\4.5.13\httpclient-4.5.13.jar;C:\Users\kumbh\.m2\repository\org\apache\httpcomponents\httpcore\4.4.13\httpcore-4.4.13.jar;C:\Users\kumbh\.m2\repository\commons-logging\commons-logging\1.2\commons-logging-1.2.jar;C:\Users\kumbh\.m2\repository\commons-codec\commons-codec\1.11\commons-codec-1.11.jar;C:\Users\kumbh\.m2\repository\org\apache\httpcomponents\httpmime\4.5.13\httpmime-4.5.13.jar;C:\Users\kumbh\.m2\repository\org\hamcrest\hamcrest\2.1\hamcrest-2.1.jar;C:\Users\kumbh\.m2\repository\org\ccil\cowan\tagsoup\tagsoup\1.2.1\tagsoup-1.2.1.jar;C:\Users\kumbh\.m2\repository\io\rest-assured\json-path\5.3.0\json-path-5.3.0.jar;C:\Users\kumbh\.m2\repository\org\apache\groovy\groovy-json\4.0.6\groovy-json-4.0.6.jar;C:\Users\kumbh\.m2\repository\io\rest-assured\rest-assured-common\5.3.0\rest-assured-common-5.3.0.jar;C:\Users\kumbh\.m2\repository\io\rest-assured\xml-path\5.3.0\xml-path-5.3.0.jar;C:\Users\kumbh\.m2\repository\com\jayway\jsonpath\json-path\2.7.0\json-path-2.7.0.jar;C:\Users\kumbh\.m2\repository\net\minidev\json-smart\2.4.7\json-smart-2.4.7.jar;C:\Users\kumbh\.m2\repository\net\minidev\accessors-smart\2.4.7\accessors-smart-2.4.7.jar;C:\Users\kumbh\.m2\repository\org\ow2\asm\asm\9.1\asm-9.1.jar;C:\Users\kumbh\.m2\repository\org\slf4j\slf4j-api\1.7.33\slf4j-api-1.7.33.jar;C:\Users\kumbh\.m2\repository\commons-io\commons-io\2.11.0\commons-io-2.11.0.jar;C:\Users\kumbh\.m2\repository\com\fasterxml\jackson\core\jackson-databind\2.14.1\jackson-databind-2.14.1.jar;C:\Users\kumbh\.m2\repository\com\fasterxml\jackson\core\jackson-annotations\2.14.1\jackson-annotations-2.14.1.jar;C:\Users\kumbh\.m2\repository\com\fasterxml\jackson\core\jackson-core\2.14.1\jackson-core-2.14.1.jar;C:\Users\kumbh\.m2\repository\io\rest-assured\json-schema-validator\5.3.0\json-schema-validator-5.3.0.jar;C:\Users\kumbh\.m2\repository\com\github\java-json-tools\json-schema-validator\2.2.14\json-schema-validator-2.2.14.jar;C:\Users\kumbh\.m2\repository\com\google\guava\guava\28.2-android\guava-28.2-android.jar;C:\Users\kumbh\.m2\repository\com\google\guava\failureaccess\1.0.1\failureaccess-1.0.1.jar;C:\Users\kumbh\.m2\repository\com\google\guava\listenablefuture\9999.0-empty-to-avoid-conflict-with-guava\listenablefuture-9999.0-empty-to-avoid-conflict-with-guava.jar;C:\Users\kumbh\.m2\repository\org\checkerframework\checker-compat-qual\2.5.5\checker-compat-qual-2.5.5.jar;C:\Users\kumbh\.m2\repository\com\google\errorprone\error_prone_annotations\2.3.4\error_prone_annotations-2.3.4.jar;C:\Users\kumbh\.m2\repository\com\google\j2objc\j2objc-annotations\1.3\j2objc-annotations-1.3.jar;C:\Users\kumbh\.m2\repository\com\github\java-json-tools\jackson-coreutils-equivalence\1.0\jackson-coreutils-equivalence-1.0.jar;C:\Users\kumbh\.m2\repository\com\github\java-json-tools\jackson-coreutils\2.0\jackson-coreutils-2.0.jar;C:\Users\kumbh\.m2\repository\com\github\java-json-tools\msg-simple\1.2\msg-simple-1.2.jar;C:\Users\kumbh\.m2\repository\com\github\java-json-tools\btf\1.3\btf-1.3.jar;C:\Users\kumbh\.m2\repository\com\github\java-json-tools\json-schema-core\1.2.14\json-schema-core-1.2.14.jar;C:\Users\kumbh\.m2\repository\com\github\java-json-tools\uri-template\0.10\uri-template-0.10.jar;C:\Users\kumbh\.m2\repository\org\mozilla\rhino\1.7.7.2\rhino-1.7.7.2.jar;C:\Users\kumbh\.m2\repository\com\sun\mail\mailapi\1.6.2\mailapi-1.6.2.jar;C:\Users\kumbh\.m2\repository\joda-time\joda-time\2.10.5\joda-time-2.10.5.jar;C:\Users\kumbh\.m2\repository\com\googlecode\libphonenumber\libphonenumber\8.11.1\libphonenumber-8.11.1.jar;C:\Users\kumbh\.m2\repository\com\google\code\findbugs\jsr305\3.0.2\jsr305-3.0.2.jar;C:\Users\kumbh\.m2\repository\net\sf\jopt-simple\jopt-simple\5.0.4\jopt-simple-5.0.4.jar;C:\Users\kumbh\.m2\repository\org\testng\testng\7.4.0\testng-7.4.0.jar;C:\Users\kumbh\.m2\repository\com\beust\jcommander\1.78\jcommander-1.78.jar;C:\Users\kumbh\.m2\repository\org\webjars\jquery\3.5.1\jquery-3.5.1.jar;C:\Users\kumbh\.m2\repository\org\apache\logging\log4j\log4j-slf4j-impl\2.20.0\log4j-slf4j-impl-2.20.0.jar;C:\Users\kumbh\.m2\repository\org\apache\logging\log4j\log4j-api\2.20.0\log4j-api-2.20.0.jar;C:\Users\kumbh\.m2\repository\org\apache\logging\log4j\log4j-core\2.20.0\log4j-core-2.20.0.jar;C:\Users\kumbh\.m2\repository\io\qameta\allure\allure-testng\2.17.3\allure-testng-2.17.3.jar;C:\Users\kumbh\.m2\repository\io\qameta\allure\allure-java-commons\2.17.3\allure-java-commons-2.17.3.jar;C:\Users\kumbh\.m2\repository\io\qameta\allure\allure-model\2.17.3\allure-model-2.17.3.jar;C:\Users\kumbh\.m2\repository\io\qameta\allure\allure-test-filter\2.17.3\allure-test-filter-2.17.3.jar;C:\Users\kumbh\.m2\repository\io\qameta\allure\allure-rest-assured\2.17.3\allure-rest-assured-2.17.3.jar;C:\Users\kumbh\.m2\repository\io\qameta\allure\allure-attachments\2.17.3\allure-attachments-2.17.3.jar;C:\Users\kumbh\.m2\repository\org\freemarker\freemarker\2.3.31\freemarker-2.3.31.jar;C:\Users\kumbh\.m2\repository\com\opencsv\opencsv\5.7.1\opencsv-5.7.1.jar;C:\Users\kumbh\.m2\repository\org\apache\commons\commons-lang3\3.12.0\commons-lang3-3.12.0.jar;C:\Users\kumbh\.m2\repository\org\apache\commons\commons-text\1.10.0\commons-text-1.10.0.jar;C:\Users\kumbh\.m2\repository\commons-beanutils\commons-beanutils\1.9.4\commons-beanutils-1.9.4.jar;C:\Users\kumbh\.m2\repository\commons-collections\commons-collections\3.2.2\commons-collections-3.2.2.jar;C:\Users\kumbh\.m2\repository\org\apache\commons\commons-collections4\4.4\commons-collections4-4.4.jar;C:\Users\kumbh\.m2\repository\com\codoid\products\fillo\1.18\fillo-1.18.jar;"/>
    <property name="sun.cpu.endian" value="little"/>
    <property name="user.home" value="C:\Users\kumbh"/>
    <property name="user.language" value="en"/>
    <property name="java.specification.vendor" value="Oracle Corporation"/>
    <property name="java.version.date" value="2023-01-17"/>
    <property name="java.home" value="C:\Program Files\Java\jdk-11"/>
    <property name="file.separator" value="\"/>
    <property name="basedir" value="C:\Users\kumbh\Downloads\RestAssuredAPITestingFramework-main"/>
    <property name="java.vm.compressedOopsMode" value="Zero based"/>
    <property name="line.separator" value="&#10;"/>
    <property name="java.specification.name" value="Java Platform API Specification"/>
    <property name="java.vm.specification.vendor" value="Oracle Corporation"/>
    <property name="java.awt.graphicsenv" value="sun.awt.Win32GraphicsEnvironment"/>
    <property name="surefire.real.class.path" value="C:\Users\kumbh\AppData\Local\Temp\surefire10097379993025487582\surefirebooter1805385517773945659.jar"/>
    <property name="user.script" value=""/>
    <property name="sun.management.compiler" value="HotSpot 64-Bit Tiered Compilers"/>
    <property name="java.runtime.version" value="11.0.18+9-LTS-195"/>
    <property name="user.name" value="kumbh"/>
    <property name="path.separator" value=";"/>
    <property name="os.version" value="10.0"/>
    <property name="java.runtime.name" value="Java(TM) SE Runtime Environment"/>
    <property name="file.encoding" value="Cp1252"/>
    <property name="java.vm.name" value="Java HotSpot(TM) 64-Bit Server VM"/>
    <property name="java.vendor.version" value="18.9"/>
    <property name="localRepository" value="C:\Users\kumbh\.m2\repository"/>
    <property name="java.vendor.url.bug" value="https://bugreport.java.com/bugreport/"/>
    <property name="java.io.tmpdir" value="C:\Users\kumbh\AppData\Local\Temp\"/>
    <property name="java.version" value="11.0.18"/>
    <property name="user.dir" value="C:\Users\kumbh\Downloads\RestAssuredAPITestingFramework-main"/>
    <property name="os.arch" value="amd64"/>
    <property name="java.vm.specification.name" value="Java Virtual Machine Specification"/>
    <property name="java.awt.printerjob" value="sun.awt.windows.WPrinterJob"/>
    <property name="sun.os.patch.level" value=""/>
    <property name="java.library.path" value="C:\Program Files\Java\jdk-11\bin;C:\Windows\Sun\Java\bin;C:\Windows\system32;C:\Windows;C:\Program Files\Common Files\Oracle\Java\javapath;C:\Windows\system32;C:\Windows;C:\Windows\System32\Wbem;C:\Windows\System32\WindowsPowerShell\v1.0\;C:\Windows\System32\OpenSSH\;C:\Program Files\Git\cmd;C:\Program Files\nodejs\;C:\Users\kumbh\AppData\Local\Programs\Python\Python311\Scripts\;C:\Users\kumbh\AppData\Local\Programs\Python\Python311\;C:\Users\kumbh\AppData\Local\Microsoft\WindowsApps;C:\Users\kumbh\maven\apache-maven-3.9.1-bin\apache-maven-3.9.1\bin;C:\Users\kumbh\AppData\Roaming\npm;."/>
    <property name="java.vendor" value="Oracle Corporation"/>
    <property name="java.vm.info" value="mixed mode"/>
    <property name="java.vm.version" value="11.0.18+9-LTS-195"/>
    <property name="sun.io.unicode.encoding" value="UnicodeLittle"/>
    <property name="java.class.version" value="55.0"/>
  </properties>
  <testcase name="DataDrivenTestingUsingJson[{firstname=api testing by, lastname=testers talk}](1)" classname="com.testautomation.apitesting.tests.DataDrivenTestingUsingJsonFile" time="3.785">
    <system-out><![CDATA[{
    "bookingid": 3549,
    "booking": {
        "firstname": "api testing by",
        "lastname": "testers talk",
        "totalprice": 1000,
        "depositpaid": true,
        "bookingdates": {
            "checkin": "2023-03-25",
            "checkout": "2023-03-30"
        },
        "additionalneeds": "breakfast"
    }
}
2023-07-05T13:59:22,034 [main] INFO  (RestAssuredListener.java:23) - ------------------------------------------------------------------------------------
         URI    : https://restful-booker.herokuapp.com/booking
         Method : POST
------------------------------------------------------------------------------------
Request :   
{
  "firstname" : "api testing by",
  "lastname" : "testers talk",
  "additionalneeds" : "breakfast",
  "totalprice" : 1000,
  "depositpaid" : true,
  "bookingdates" : {
    "checkin" : "2023-03-25",
    "checkout" : "2023-03-30"
  }
}
 Response :  
{
    "bookingid": 3549,
    "booking": {
        "firstname": "api testing by",
        "lastname": "testers talk",
        "totalprice": 1000,
        "depositpaid": true,
        "bookingdates": {
            "checkin": "2023-03-25",
            "checkout": "2023-03-30"
        },
        "additionalneeds": "breakfast"
    }
}
]]></system-out>
  </testcase>
  <testcase name="DataDrivenTestingUsingJson[{firstname=rest assured by, lastname=testers talk}](2)" classname="com.testautomation.apitesting.tests.DataDrivenTestingUsingJsonFile" time="1.12">
    <system-out><![CDATA[{
    "bookingid": 3560,
    "booking": {
        "firstname": "rest assured by",
        "lastname": "testers talk",
        "totalprice": 1000,
        "depositpaid": true,
        "bookingdates": {
            "checkin": "2023-03-25",
            "checkout": "2023-03-30"
        },
        "additionalneeds": "breakfast"
    }
}
2023-07-05T13:59:23,295 [main] INFO  (RestAssuredListener.java:23) - ------------------------------------------------------------------------------------
         URI    : https://restful-booker.herokuapp.com/booking
         Method : POST
------------------------------------------------------------------------------------
Request :   
{
  "firstname" : "rest assured by",
  "lastname" : "testers talk",
  "additionalneeds" : "breakfast",
  "totalprice" : 1000,
  "depositpaid" : true,
  "bookingdates" : {
    "checkin" : "2023-03-25",
    "checkout" : "2023-03-30"
  }
}
 Response :  
{
    "bookingid": 3560,
    "booking": {
        "firstname": "rest assured by",
        "lastname": "testers talk",
        "totalprice": 1000,
        "depositpaid": true,
        "bookingdates": {
            "checkin": "2023-03-25",
            "checkout": "2023-03-30"
        },
        "additionalneeds": "breakfast"
    }
}
]]></system-out>
  </testcase>
  <testcase name="DataDrivenTestingUsingJson[{firstname=postman by, lastname=testers talk}](3)" classname="com.testautomation.apitesting.tests.DataDrivenTestingUsingJsonFile" time="1.193">
    <system-out><![CDATA[{
    "bookingid": 3571,
    "booking": {
        "firstname": "postman by",
        "lastname": "testers talk",
        "totalprice": 1000,
        "depositpaid": true,
        "bookingdates": {
            "checkin": "2023-03-25",
            "checkout": "2023-03-30"
        },
        "additionalneeds": "breakfast"
    }
}
2023-07-05T13:59:24,487 [main] INFO  (RestAssuredListener.java:23) - ------------------------------------------------------------------------------------
         URI    : https://restful-booker.herokuapp.com/booking
         Method : POST
------------------------------------------------------------------------------------
Request :   
{
  "firstname" : "postman by",
  "lastname" : "testers talk",
  "additionalneeds" : "breakfast",
  "totalprice" : 1000,
  "depositpaid" : true,
  "bookingdates" : {
    "checkin" : "2023-03-25",
    "checkout" : "2023-03-30"
  }
}
 Response :  
{
    "bookingid": 3571,
    "booking": {
        "firstname": "postman by",
        "lastname": "testers talk",
        "totalprice": 1000,
        "depositpaid": true,
        "bookingdates": {
            "checkin": "2023-03-25",
            "checkout": "2023-03-30"
        },
        "additionalneeds": "breakfast"
    }
}
]]></system-out>
  </testcase>
</testsuite>