<?xml version="1.0" encoding="UTF-8"?>
<!-- Generated by org.testng.reporters.JUnitReportReporter -->
<testsuite hostname="Shivani" failures="0" tests="3" name="com.testautomation.apitesting.tests.DataDrivenTestingUsingJsonFile" time="6.087" errors="0" timestamp="2023-07-05T13:59:24 IST" skipped="0">
  <testcase classname="com.testautomation.apitesting.tests.DataDrivenTestingUsingJsonFile" name="DataDrivenTestingUsingJson" time="1.190"/>
  <system-out/>
  <testcase classname="com.testautomation.apitesting.tests.DataDrivenTestingUsingJsonFile" name="DataDrivenTestingUsingJson" time="3.780"/>
  <system-out/>
  <testcase classname="com.testautomation.apitesting.tests.DataDrivenTestingUsingJsonFile" name="DataDrivenTestingUsingJson" time="1.117"/>
  <system-out/>
</testsuite> <!-- com.testautomation.apitesting.tests.DataDrivenTestingUsingJsonFile -->
